<?xml version="1.0" encoding="UTF-8"?>
<coverage generated="1481301544">
  <project timestamp="1481301544">
    <file name="C:\xampp\htdocs\apotekkppl\backend\app\armdls\user\controllers/Admin.php">
      <class name="Admin" namespace="global">
        <metrics methods="7" coveredmethods="0" conditionals="0" coveredconditionals="0" statements="142" coveredstatements="0" elements="149" coveredelements="0"/>
      </class>
      <line num="2" type="stmt" count="0"/>
      <line num="4" type="stmt" count="0"/>
      <line num="7" type="method" name="__construct" crap="30" count="0"/>
      <line num="8" type="stmt" count="0"/>
      <line num="9" type="stmt" count="0"/>
      <line num="10" type="stmt" count="0"/>
      <line num="12" type="stmt" count="0"/>
      <line num="13" type="stmt" count="0"/>
      <line num="14" type="stmt" count="0"/>
      <line num="15" type="stmt" count="0"/>
      <line num="16" type="stmt" count="0"/>
      <line num="17" type="stmt" count="0"/>
      <line num="18" type="stmt" count="0"/>
      <line num="19" type="stmt" count="0"/>
      <line num="20" type="stmt" count="0"/>
      <line num="22" type="stmt" count="0"/>
      <line num="24" type="method" name="data_get" crap="30" count="0"/>
      <line num="26" type="stmt" count="0"/>
      <line num="27" type="stmt" count="0"/>
      <line num="29" type="stmt" count="0"/>
      <line num="31" type="stmt" count="0"/>
      <line num="32" type="stmt" count="0"/>
      <line num="34" type="stmt" count="0"/>
      <line num="35" type="stmt" count="0"/>
      <line num="41" type="stmt" count="0"/>
      <line num="43" type="stmt" count="0"/>
      <line num="44" type="stmt" count="0"/>
      <line num="46" type="stmt" count="0"/>
      <line num="47" type="stmt" count="0"/>
      <line num="48" type="stmt" count="0"/>
      <line num="49" type="stmt" count="0"/>
      <line num="51" type="stmt" count="0"/>
      <line num="52" type="stmt" count="0"/>
      <line num="53" type="stmt" count="0"/>
      <line num="54" type="stmt" count="0"/>
      <line num="55" type="stmt" count="0"/>
      <line num="56" type="stmt" count="0"/>
      <line num="62" type="stmt" count="0"/>
      <line num="64" type="stmt" count="0"/>
      <line num="65" type="stmt" count="0"/>
      <line num="67" type="stmt" count="0"/>
      <line num="68" type="stmt" count="0"/>
      <line num="69" type="stmt" count="0"/>
      <line num="70" type="stmt" count="0"/>
      <line num="72" type="stmt" count="0"/>
      <line num="73" type="stmt" count="0"/>
      <line num="74" type="stmt" count="0"/>
      <line num="75" type="stmt" count="0"/>
      <line num="76" type="stmt" count="0"/>
      <line num="77" type="stmt" count="0"/>
      <line num="79" type="method" name="data_post" crap="12" count="0"/>
      <line num="82" type="stmt" count="0"/>
      <line num="83" type="stmt" count="0"/>
      <line num="84" type="stmt" count="0"/>
      <line num="85" type="stmt" count="0"/>
      <line num="86" type="stmt" count="0"/>
      <line num="87" type="stmt" count="0"/>
      <line num="88" type="stmt" count="0"/>
      <line num="89" type="stmt" count="0"/>
      <line num="90" type="stmt" count="0"/>
      <line num="91" type="stmt" count="0"/>
      <line num="92" type="stmt" count="0"/>
      <line num="93" type="stmt" count="0"/>
      <line num="94" type="stmt" count="0"/>
      <line num="95" type="stmt" count="0"/>
      <line num="96" type="stmt" count="0"/>
      <line num="102" type="stmt" count="0"/>
      <line num="103" type="stmt" count="0"/>
      <line num="106" type="stmt" count="0"/>
      <line num="107" type="stmt" count="0"/>
      <line num="108" type="stmt" count="0"/>
      <line num="109" type="stmt" count="0"/>
      <line num="110" type="stmt" count="0"/>
      <line num="111" type="stmt" count="0"/>
      <line num="112" type="stmt" count="0"/>
      <line num="114" type="stmt" count="0"/>
      <line num="115" type="stmt" count="0"/>
      <line num="116" type="stmt" count="0"/>
      <line num="117" type="stmt" count="0"/>
      <line num="118" type="stmt" count="0"/>
      <line num="119" type="stmt" count="0"/>
      <line num="122" type="stmt" count="0"/>
      <line num="124" type="method" name="data_update" crap="6" count="0"/>
      <line num="132" type="stmt" count="0"/>
      <line num="134" type="stmt" count="0"/>
      <line num="136" type="stmt" count="0"/>
      <line num="137" type="stmt" count="0"/>
      <line num="138" type="stmt" count="0"/>
      <line num="139" type="stmt" count="0"/>
      <line num="140" type="stmt" count="0"/>
      <line num="141" type="stmt" count="0"/>
      <line num="142" type="stmt" count="0"/>
      <line num="144" type="stmt" count="0"/>
      <line num="145" type="stmt" count="0"/>
      <line num="146" type="stmt" count="0"/>
      <line num="147" type="stmt" count="0"/>
      <line num="148" type="stmt" count="0"/>
      <line num="149" type="stmt" count="0"/>
      <line num="152" type="stmt" count="0"/>
      <line num="154" type="method" name="change_email_put" crap="12" count="0"/>
      <line num="155" type="stmt" count="0"/>
      <line num="156" type="stmt" count="0"/>
      <line num="157" type="stmt" count="0"/>
      <line num="158" type="stmt" count="0"/>
      <line num="159" type="stmt" count="0"/>
      <line num="160" type="stmt" count="0"/>
      <line num="161" type="stmt" count="0"/>
      <line num="162" type="stmt" count="0"/>
      <line num="163" type="stmt" count="0"/>
      <line num="164" type="stmt" count="0"/>
      <line num="165" type="stmt" count="0"/>
      <line num="166" type="stmt" count="0"/>
      <line num="168" type="stmt" count="0"/>
      <line num="170" type="method" name="banned_user_put" crap="12" count="0"/>
      <line num="171" type="stmt" count="0"/>
      <line num="172" type="stmt" count="0"/>
      <line num="173" type="stmt" count="0"/>
      <line num="174" type="stmt" count="0"/>
      <line num="175" type="stmt" count="0"/>
      <line num="176" type="stmt" count="0"/>
      <line num="177" type="stmt" count="0"/>
      <line num="178" type="stmt" count="0"/>
      <line num="179" type="stmt" count="0"/>
      <line num="180" type="stmt" count="0"/>
      <line num="181" type="stmt" count="0"/>
      <line num="182" type="stmt" count="0"/>
      <line num="184" type="stmt" count="0"/>
      <line num="186" type="method" name="data_delete" crap="12" count="0"/>
      <line num="188" type="stmt" count="0"/>
      <line num="190" type="stmt" count="0"/>
      <line num="192" type="stmt" count="0"/>
      <line num="193" type="stmt" count="0"/>
      <line num="194" type="stmt" count="0"/>
      <line num="195" type="stmt" count="0"/>
      <line num="196" type="stmt" count="0"/>
      <line num="202" type="stmt" count="0"/>
      <line num="204" type="stmt" count="0"/>
      <line num="205" type="stmt" count="0"/>
      <line num="207" type="stmt" count="0"/>
      <line num="208" type="stmt" count="0"/>
      <line num="209" type="stmt" count="0"/>
      <line num="210" type="stmt" count="0"/>
      <line num="211" type="stmt" count="0"/>
      <line num="212" type="stmt" count="0"/>
      <line num="213" type="stmt" count="0"/>
      <line num="215" type="stmt" count="0"/>
      <line num="216" type="stmt" count="0"/>
      <line num="217" type="stmt" count="0"/>
      <line num="218" type="stmt" count="0"/>
      <line num="219" type="stmt" count="0"/>
      <line num="220" type="stmt" count="0"/>
      <metrics loc="223" ncloc="138" classes="1" methods="7" coveredmethods="0" conditionals="0" coveredconditionals="0" statements="144" coveredstatements="0" elements="151" coveredelements="0"/>
    </file>
    <file name="C:\xampp\htdocs\apotekkppl\backend\app\armdls\user\controllers/Apoteker.php">
      <class name="Apoteker" namespace="global">
        <metrics methods="4" coveredmethods="0" conditionals="0" coveredconditionals="0" statements="65" coveredstatements="0" elements="69" coveredelements="0"/>
      </class>
      <line num="2" type="stmt" count="0"/>
      <line num="4" type="stmt" count="0"/>
      <line num="7" type="method" name="__construct" crap="30" count="0"/>
      <line num="8" type="stmt" count="0"/>
      <line num="9" type="stmt" count="0"/>
      <line num="10" type="stmt" count="0"/>
      <line num="12" type="stmt" count="0"/>
      <line num="13" type="stmt" count="0"/>
      <line num="14" type="stmt" count="0"/>
      <line num="15" type="stmt" count="0"/>
      <line num="16" type="stmt" count="0"/>
      <line num="17" type="stmt" count="0"/>
      <line num="18" type="stmt" count="0"/>
      <line num="19" type="stmt" count="0"/>
      <line num="20" type="stmt" count="0"/>
      <line num="21" type="stmt" count="0"/>
      <line num="22" type="stmt" count="0"/>
      <line num="24" type="method" name="obat_get" crap="12" count="0"/>
      <line num="25" type="stmt" count="0"/>
      <line num="26" type="stmt" count="0"/>
      <line num="28" type="stmt" count="0"/>
      <line num="29" type="stmt" count="0"/>
      <line num="35" type="stmt" count="0"/>
      <line num="37" type="stmt" count="0"/>
      <line num="38" type="stmt" count="0"/>
      <line num="40" type="stmt" count="0"/>
      <line num="41" type="stmt" count="0"/>
      <line num="42" type="stmt" count="0"/>
      <line num="43" type="stmt" count="0"/>
      <line num="45" type="stmt" count="0"/>
      <line num="46" type="stmt" count="0"/>
      <line num="47" type="stmt" count="0"/>
      <line num="48" type="stmt" count="0"/>
      <line num="49" type="stmt" count="0"/>
      <line num="51" type="stmt" count="0"/>
      <line num="53" type="method" name="request_obat_get" crap="6" count="0"/>
      <line num="54" type="stmt" count="0"/>
      <line num="55" type="stmt" count="0"/>
      <line num="56" type="stmt" count="0"/>
      <line num="58" type="stmt" count="0"/>
      <line num="59" type="stmt" count="0"/>
      <line num="60" type="stmt" count="0"/>
      <line num="62" type="stmt" count="0"/>
      <line num="63" type="stmt" count="0"/>
      <line num="64" type="stmt" count="0"/>
      <line num="65" type="stmt" count="0"/>
      <line num="66" type="stmt" count="0"/>
      <line num="67" type="stmt" count="0"/>
      <line num="69" type="method" name="request_obat_post" crap="20" count="0"/>
      <line num="70" type="stmt" count="0"/>
      <line num="72" type="stmt" count="0"/>
      <line num="73" type="stmt" count="0"/>
      <line num="74" type="stmt" count="0"/>
      <line num="75" type="stmt" count="0"/>
      <line num="76" type="stmt" count="0"/>
      <line num="77" type="stmt" count="0"/>
      <line num="78" type="stmt" count="0"/>
      <line num="79" type="stmt" count="0"/>
      <line num="80" type="stmt" count="0"/>
      <line num="81" type="stmt" count="0"/>
      <line num="82" type="stmt" count="0"/>
      <line num="83" type="stmt" count="0"/>
      <line num="84" type="stmt" count="0"/>
      <line num="85" type="stmt" count="0"/>
      <line num="87" type="stmt" count="0"/>
      <line num="89" type="stmt" count="0"/>
      <line num="90" type="stmt" count="0"/>
      <line num="91" type="stmt" count="0"/>
      <line num="92" type="stmt" count="0"/>
      <line num="93" type="stmt" count="0"/>
      <line num="94" type="stmt" count="0"/>
      <metrics loc="95" ncloc="60" classes="1" methods="4" coveredmethods="0" conditionals="0" coveredconditionals="0" statements="67" coveredstatements="0" elements="71" coveredelements="0"/>
    </file>
    <file name="C:\xampp\htdocs\apotekkppl\backend\app\armdls\user\controllers/Kasir.php">
      <class name="Kasir" namespace="global">
        <metrics methods="3" coveredmethods="0" conditionals="0" coveredconditionals="0" statements="61" coveredstatements="0" elements="64" coveredelements="0"/>
      </class>
      <line num="2" type="stmt" count="0"/>
      <line num="4" type="stmt" count="0"/>
      <line num="7" type="method" name="__construct" crap="30" count="0"/>
      <line num="8" type="stmt" count="0"/>
      <line num="9" type="stmt" count="0"/>
      <line num="10" type="stmt" count="0"/>
      <line num="12" type="stmt" count="0"/>
      <line num="13" type="stmt" count="0"/>
      <line num="14" type="stmt" count="0"/>
      <line num="15" type="stmt" count="0"/>
      <line num="16" type="stmt" count="0"/>
      <line num="17" type="stmt" count="0"/>
      <line num="18" type="stmt" count="0"/>
      <line num="19" type="stmt" count="0"/>
      <line num="20" type="stmt" count="0"/>
      <line num="21" type="stmt" count="0"/>
      <line num="23" type="stmt" count="0"/>
      <line num="25" type="method" name="request_obat_get" crap="6" count="0"/>
      <line num="26" type="stmt" count="0"/>
      <line num="27" type="stmt" count="0"/>
      <line num="28" type="stmt" count="0"/>
      <line num="30" type="stmt" count="0"/>
      <line num="31" type="stmt" count="0"/>
      <line num="32" type="stmt" count="0"/>
      <line num="34" type="stmt" count="0"/>
      <line num="35" type="stmt" count="0"/>
      <line num="36" type="stmt" count="0"/>
      <line num="37" type="stmt" count="0"/>
      <line num="38" type="stmt" count="0"/>
      <line num="39" type="stmt" count="0"/>
      <line num="41" type="method" name="payment_put" crap="30" count="0"/>
      <line num="42" type="stmt" count="0"/>
      <line num="43" type="stmt" count="0"/>
      <line num="44" type="stmt" count="0"/>
      <line num="45" type="stmt" count="0"/>
      <line num="46" type="stmt" count="0"/>
      <line num="47" type="stmt" count="0"/>
      <line num="48" type="stmt" count="0"/>
      <line num="49" type="stmt" count="0"/>
      <line num="50" type="stmt" count="0"/>
      <line num="51" type="stmt" count="0"/>
      <line num="53" type="stmt" count="0"/>
      <line num="55" type="stmt" count="0"/>
      <line num="56" type="stmt" count="0"/>
      <line num="57" type="stmt" count="0"/>
      <line num="58" type="stmt" count="0"/>
      <line num="59" type="stmt" count="0"/>
      <line num="60" type="stmt" count="0"/>
      <line num="61" type="stmt" count="0"/>
      <line num="62" type="stmt" count="0"/>
      <line num="63" type="stmt" count="0"/>
      <line num="64" type="stmt" count="0"/>
      <line num="65" type="stmt" count="0"/>
      <line num="66" type="stmt" count="0"/>
      <line num="67" type="stmt" count="0"/>
      <line num="68" type="stmt" count="0"/>
      <line num="69" type="stmt" count="0"/>
      <line num="70" type="stmt" count="0"/>
      <line num="71" type="stmt" count="0"/>
      <line num="73" type="stmt" count="0"/>
      <line num="74" type="stmt" count="0"/>
      <line num="75" type="stmt" count="0"/>
      <line num="76" type="stmt" count="0"/>
      <line num="77" type="stmt" count="0"/>
      <line num="78" type="stmt" count="0"/>
      <line num="79" type="stmt" count="0"/>
      <metrics loc="80" ncloc="62" classes="1" methods="3" coveredmethods="0" conditionals="0" coveredconditionals="0" statements="63" coveredstatements="0" elements="66" coveredelements="0"/>
    </file>
    <file name="C:\xampp\htdocs\apotekkppl\backend\app\armdls\user\controllers/Pemilik.php">
      <class name="Pemilik" namespace="global">
        <metrics methods="3" coveredmethods="0" conditionals="0" coveredconditionals="0" statements="38" coveredstatements="0" elements="41" coveredelements="0"/>
      </class>
      <line num="2" type="stmt" count="0"/>
      <line num="4" type="stmt" count="0"/>
      <line num="7" type="method" name="__construct" crap="30" count="0"/>
      <line num="8" type="stmt" count="0"/>
      <line num="9" type="stmt" count="0"/>
      <line num="10" type="stmt" count="0"/>
      <line num="12" type="stmt" count="0"/>
      <line num="13" type="stmt" count="0"/>
      <line num="14" type="stmt" count="0"/>
      <line num="15" type="stmt" count="0"/>
      <line num="16" type="stmt" count="0"/>
      <line num="17" type="stmt" count="0"/>
      <line num="18" type="stmt" count="0"/>
      <line num="19" type="stmt" count="0"/>
      <line num="20" type="stmt" count="0"/>
      <line num="21" type="stmt" count="0"/>
      <line num="23" type="stmt" count="0"/>
      <line num="25" type="method" name="laporan_ro_get" crap="6" count="0"/>
      <line num="26" type="stmt" count="0"/>
      <line num="27" type="stmt" count="0"/>
      <line num="28" type="stmt" count="0"/>
      <line num="30" type="stmt" count="0"/>
      <line num="31" type="stmt" count="0"/>
      <line num="32" type="stmt" count="0"/>
      <line num="34" type="stmt" count="0"/>
      <line num="35" type="stmt" count="0"/>
      <line num="36" type="stmt" count="0"/>
      <line num="37" type="stmt" count="0"/>
      <line num="38" type="stmt" count="0"/>
      <line num="39" type="stmt" count="0"/>
      <line num="40" type="method" name="laporan_po_get" crap="6" count="0"/>
      <line num="41" type="stmt" count="0"/>
      <line num="42" type="stmt" count="0"/>
      <line num="43" type="stmt" count="0"/>
      <line num="45" type="stmt" count="0"/>
      <line num="46" type="stmt" count="0"/>
      <line num="47" type="stmt" count="0"/>
      <line num="49" type="stmt" count="0"/>
      <line num="50" type="stmt" count="0"/>
      <line num="51" type="stmt" count="0"/>
      <line num="52" type="stmt" count="0"/>
      <line num="53" type="stmt" count="0"/>
      <line num="54" type="stmt" count="0"/>
      <metrics loc="56" ncloc="40" classes="1" methods="3" coveredmethods="0" conditionals="0" coveredconditionals="0" statements="40" coveredstatements="0" elements="43" coveredelements="0"/>
    </file>
    <file name="C:\xampp\htdocs\apotekkppl\backend\app\armdls\user\controllers/Pengadaan.php">
      <class name="Pengadaan" namespace="global">
        <metrics methods="7" coveredmethods="0" conditionals="0" coveredconditionals="0" statements="138" coveredstatements="0" elements="145" coveredelements="0"/>
      </class>
      <line num="2" type="stmt" count="0"/>
      <line num="4" type="stmt" count="0"/>
      <line num="7" type="method" name="__construct" crap="30" count="0"/>
      <line num="8" type="stmt" count="0"/>
      <line num="9" type="stmt" count="0"/>
      <line num="10" type="stmt" count="0"/>
      <line num="12" type="stmt" count="0"/>
      <line num="13" type="stmt" count="0"/>
      <line num="14" type="stmt" count="0"/>
      <line num="15" type="stmt" count="0"/>
      <line num="16" type="stmt" count="0"/>
      <line num="17" type="stmt" count="0"/>
      <line num="18" type="stmt" count="0"/>
      <line num="19" type="stmt" count="0"/>
      <line num="20" type="stmt" count="0"/>
      <line num="21" type="stmt" count="0"/>
      <line num="23" type="stmt" count="0"/>
      <line num="25" type="method" name="obat_get" crap="12" count="0"/>
      <line num="26" type="stmt" count="0"/>
      <line num="27" type="stmt" count="0"/>
      <line num="29" type="stmt" count="0"/>
      <line num="30" type="stmt" count="0"/>
      <line num="36" type="stmt" count="0"/>
      <line num="38" type="stmt" count="0"/>
      <line num="39" type="stmt" count="0"/>
      <line num="41" type="stmt" count="0"/>
      <line num="42" type="stmt" count="0"/>
      <line num="43" type="stmt" count="0"/>
      <line num="44" type="stmt" count="0"/>
      <line num="46" type="stmt" count="0"/>
      <line num="47" type="stmt" count="0"/>
      <line num="48" type="stmt" count="0"/>
      <line num="49" type="stmt" count="0"/>
      <line num="50" type="stmt" count="0"/>
      <line num="52" type="stmt" count="0"/>
      <line num="53" type="method" name="obat_post" crap="6" count="0"/>
      <line num="55" type="stmt" count="0"/>
      <line num="56" type="stmt" count="0"/>
      <line num="57" type="stmt" count="0"/>
      <line num="58" type="stmt" count="0"/>
      <line num="59" type="stmt" count="0"/>
      <line num="60" type="stmt" count="0"/>
      <line num="66" type="stmt" count="0"/>
      <line num="67" type="stmt" count="0"/>
      <line num="68" type="stmt" count="0"/>
      <line num="69" type="stmt" count="0"/>
      <line num="70" type="stmt" count="0"/>
      <line num="71" type="stmt" count="0"/>
      <line num="72" type="stmt" count="0"/>
      <line num="73" type="stmt" count="0"/>
      <line num="74" type="stmt" count="0"/>
      <line num="76" type="stmt" count="0"/>
      <line num="77" type="stmt" count="0"/>
      <line num="78" type="stmt" count="0"/>
      <line num="79" type="stmt" count="0"/>
      <line num="80" type="stmt" count="0"/>
      <line num="81" type="stmt" count="0"/>
      <line num="83" type="stmt" count="0"/>
      <line num="85" type="method" name="obat_delete" crap="12" count="0"/>
      <line num="87" type="stmt" count="0"/>
      <line num="89" type="stmt" count="0"/>
      <line num="91" type="stmt" count="0"/>
      <line num="92" type="stmt" count="0"/>
      <line num="93" type="stmt" count="0"/>
      <line num="94" type="stmt" count="0"/>
      <line num="95" type="stmt" count="0"/>
      <line num="101" type="stmt" count="0"/>
      <line num="103" type="stmt" count="0"/>
      <line num="104" type="stmt" count="0"/>
      <line num="106" type="stmt" count="0"/>
      <line num="107" type="stmt" count="0"/>
      <line num="108" type="stmt" count="0"/>
      <line num="109" type="stmt" count="0"/>
      <line num="110" type="stmt" count="0"/>
      <line num="111" type="stmt" count="0"/>
      <line num="112" type="stmt" count="0"/>
      <line num="114" type="stmt" count="0"/>
      <line num="115" type="stmt" count="0"/>
      <line num="116" type="stmt" count="0"/>
      <line num="117" type="stmt" count="0"/>
      <line num="118" type="stmt" count="0"/>
      <line num="119" type="stmt" count="0"/>
      <line num="121" type="method" name="pengadaan_obat_post" crap="2" count="0"/>
      <line num="122" type="stmt" count="0"/>
      <line num="124" type="stmt" count="0"/>
      <line num="125" type="stmt" count="0"/>
      <line num="126" type="stmt" count="0"/>
      <line num="127" type="stmt" count="0"/>
      <line num="128" type="stmt" count="0"/>
      <line num="129" type="stmt" count="0"/>
      <line num="130" type="stmt" count="0"/>
      <line num="136" type="stmt" count="0"/>
      <line num="138" type="stmt" count="0"/>
      <line num="139" type="stmt" count="0"/>
      <line num="140" type="stmt" count="0"/>
      <line num="141" type="stmt" count="0"/>
      <line num="142" type="stmt" count="0"/>
      <line num="143" type="stmt" count="0"/>
      <line num="144" type="method" name="pengadaan_obat_get" crap="6" count="0"/>
      <line num="145" type="stmt" count="0"/>
      <line num="146" type="stmt" count="0"/>
      <line num="147" type="stmt" count="0"/>
      <line num="149" type="stmt" count="0"/>
      <line num="150" type="stmt" count="0"/>
      <line num="151" type="stmt" count="0"/>
      <line num="153" type="stmt" count="0"/>
      <line num="154" type="stmt" count="0"/>
      <line num="155" type="stmt" count="0"/>
      <line num="156" type="stmt" count="0"/>
      <line num="157" type="stmt" count="0"/>
      <line num="158" type="stmt" count="0"/>
      <line num="159" type="method" name="pengadaan_confirm_put" crap="30" count="0"/>
      <line num="160" type="stmt" count="0"/>
      <line num="161" type="stmt" count="0"/>
      <line num="162" type="stmt" count="0"/>
      <line num="163" type="stmt" count="0"/>
      <line num="164" type="stmt" count="0"/>
      <line num="165" type="stmt" count="0"/>
      <line num="166" type="stmt" count="0"/>
      <line num="167" type="stmt" count="0"/>
      <line num="168" type="stmt" count="0"/>
      <line num="169" type="stmt" count="0"/>
      <line num="171" type="stmt" count="0"/>
      <line num="172" type="stmt" count="0"/>
      <line num="173" type="stmt" count="0"/>
      <line num="175" type="stmt" count="0"/>
      <line num="176" type="stmt" count="0"/>
      <line num="177" type="stmt" count="0"/>
      <line num="178" type="stmt" count="0"/>
      <line num="179" type="stmt" count="0"/>
      <line num="180" type="stmt" count="0"/>
      <line num="181" type="stmt" count="0"/>
      <line num="183" type="stmt" count="0"/>
      <line num="184" type="stmt" count="0"/>
      <line num="185" type="stmt" count="0"/>
      <line num="186" type="stmt" count="0"/>
      <line num="187" type="stmt" count="0"/>
      <line num="188" type="stmt" count="0"/>
      <line num="189" type="stmt" count="0"/>
      <line num="190" type="stmt" count="0"/>
      <line num="192" type="stmt" count="0"/>
      <line num="193" type="stmt" count="0"/>
      <line num="194" type="stmt" count="0"/>
      <line num="195" type="stmt" count="0"/>
      <line num="196" type="stmt" count="0"/>
      <line num="197" type="stmt" count="0"/>
      <line num="198" type="stmt" count="0"/>
      <metrics loc="200" ncloc="130" classes="1" methods="7" coveredmethods="0" conditionals="0" coveredconditionals="0" statements="140" coveredstatements="0" elements="147" coveredelements="0"/>
    </file>
    <file name="C:\xampp\htdocs\apotekkppl\backend\app\armdls\user\controllers/User.php">
      <class name="User" namespace="global">
        <metrics methods="3" coveredmethods="0" conditionals="0" coveredconditionals="0" statements="61" coveredstatements="0" elements="64" coveredelements="0"/>
      </class>
      <line num="2" type="stmt" count="0"/>
      <line num="4" type="stmt" count="0"/>
      <line num="10" type="method" name="__construct" crap="6" count="0"/>
      <line num="11" type="stmt" count="0"/>
      <line num="12" type="stmt" count="0"/>
      <line num="13" type="stmt" count="0"/>
      <line num="14" type="stmt" count="0"/>
      <line num="15" type="stmt" count="0"/>
      <line num="16" type="stmt" count="0"/>
      <line num="17" type="stmt" count="0"/>
      <line num="18" type="stmt" count="0"/>
      <line num="19" type="stmt" count="0"/>
      <line num="21" type="method" name="login_post" crap="42" count="0"/>
      <line num="23" type="stmt" count="0"/>
      <line num="24" type="stmt" count="0"/>
      <line num="25" type="stmt" count="0"/>
      <line num="28" type="stmt" count="0"/>
      <line num="30" type="stmt" count="0"/>
      <line num="32" type="stmt" count="0"/>
      <line num="34" type="stmt" count="0"/>
      <line num="35" type="stmt" count="0"/>
      <line num="36" type="stmt" count="0"/>
      <line num="37" type="stmt" count="0"/>
      <line num="38" type="stmt" count="0"/>
      <line num="39" type="stmt" count="0"/>
      <line num="45" type="stmt" count="0"/>
      <line num="47" type="stmt" count="0"/>
      <line num="48" type="stmt" count="0"/>
      <line num="49" type="stmt" count="0"/>
      <line num="50" type="stmt" count="0"/>
      <line num="51" type="stmt" count="0"/>
      <line num="52" type="stmt" count="0"/>
      <line num="53" type="stmt" count="0"/>
      <line num="54" type="stmt" count="0"/>
      <line num="55" type="stmt" count="0"/>
      <line num="57" type="stmt" count="0"/>
      <line num="59" type="stmt" count="0"/>
      <line num="60" type="stmt" count="0"/>
      <line num="61" type="stmt" count="0"/>
      <line num="62" type="stmt" count="0"/>
      <line num="63" type="stmt" count="0"/>
      <line num="65" type="stmt" count="0"/>
      <line num="66" type="stmt" count="0"/>
      <line num="67" type="stmt" count="0"/>
      <line num="68" type="stmt" count="0"/>
      <line num="69" type="stmt" count="0"/>
      <line num="70" type="stmt" count="0"/>
      <line num="72" type="stmt" count="0"/>
      <line num="73" type="stmt" count="0"/>
      <line num="75" type="stmt" count="0"/>
      <line num="76" type="stmt" count="0"/>
      <line num="77" type="stmt" count="0"/>
      <line num="78" type="stmt" count="0"/>
      <line num="79" type="stmt" count="0"/>
      <line num="80" type="stmt" count="0"/>
      <line num="82" type="stmt" count="0"/>
      <line num="84" type="stmt" count="0"/>
      <line num="85" type="method" name="logout_post" crap="2" count="0"/>
      <line num="86" type="stmt" count="0"/>
      <line num="87" type="stmt" count="0"/>
      <line num="88" type="stmt" count="0"/>
      <line num="89" type="stmt" count="0"/>
      <line num="90" type="stmt" count="0"/>
      <line num="91" type="stmt" count="0"/>
      <line num="93" type="stmt" count="0"/>
      <line num="95" type="stmt" count="0"/>
      <metrics loc="96" ncloc="61" classes="1" methods="3" coveredmethods="0" conditionals="0" coveredconditionals="0" statements="63" coveredstatements="0" elements="66" coveredelements="0"/>
    </file>
    <metrics files="6" loc="750" ncloc="491" classes="6" methods="27" coveredmethods="0" conditionals="0" coveredconditionals="0" statements="517" coveredstatements="0" elements="544" coveredelements="0"/>
  </project>
</coverage>
